PublicPath: /wp-mini-css-construct/dist/
asset main.js 3.36 KiB {792} [emitted] [javascript module] [minimized] (name: main)
asset index.html 1.43 KiB [compared for emit] [from: src/index.html] [copied]
asset style.css 156 bytes {314} [compared for emit] (name: style)
Entrypoint main 3.36 KiB = main.js
Entrypoint style 156 bytes = style.css
chunk {314} (runtime: style) style.css (style) 50 bytes (javascript) 155 bytes (css/mini-extract) 274 bytes (runtime) [entry] [rendered]
  > ./src/style.css style
  ./src/style.css [300] 50 bytes {314} [depth 0] [built] [code generated]
    [used exports unknown]
    entry ./src/style.css style
  css ../node_modules/css-loader/dist/cjs.js!./src/style.css 155 bytes {314} [depth 1] [dependent] [built] [code generated]
    [used exports unknown]
    unknown [300] ./src/style.css
  webpack/runtime/make namespace object 274 bytes {314} [code generated]
    [no exports]
    [used exports unknown]
chunk {792} (runtime: main) main.js (main) 7.06 KiB (javascript) 937 bytes (runtime) [entry] [rendered]
  > ./src/main.js main
  cacheable modules 7.06 KiB
    modules by path ./src/ 4.74 KiB
      modules by path ./src/*.js 2.72 KiB
        ./src/app1.js [456] 1.17 KiB {792} [depth 1] [dependent] [built] [code generated]
          [used exports unknown]
          Statement (ExpressionStatement) with side effects in source code at 6:0-16
          import() ./app1.js [803] ./src/main.js 5:4-63
        ./src/appNode.js [184] 520 bytes {792} [depth 2] [dependent] [built] [code generated]
          [used exports unknown]
          Statement (VariableDeclaration) with side effects in source code at 6:0-16:2
          import() ./appNode.js [456] ./src/app1.js 21:10-71
        ./src/fetchCSS.js [325] 934 bytes {792} [depth 2] [dependent] [built] [code generated]
          [used exports unknown]
          from origin ./src/app1.js
            [inactive] harmony side effect evaluation ./fetchCSS [456] ./src/app1.js 3:0-38
            harmony import specifier ./fetchCSS [456] ./src/app1.js 6:0-8
            harmony import specifier ./fetchCSS [456] ./src/app1.js 33:8-16
          from origin ./src/appNode.js
            [inactive] harmony side effect evaluation ./fetchCSS [184] ./src/appNode.js 1:0-38
            harmony import specifier ./fetchCSS [184] ./src/appNode.js 13:4-12
        ./src/main.js [803] 138 bytes {792} [depth 0] [built] [code generated]
          [used exports unknown]
          Statement (ExpressionStatement) with side effects in source code at 1:0-23
          entry ./src/main.js main
      modules by path ./src/*.css 2.02 KiB
        ./src/app1.css [450] 693 bytes {792} [depth 2] [dependent] [built] [code generated]
          [used exports unknown]
          Statement (VariableDeclaration) with side effects in source code at 4:0-100
          harmony side effect evaluation ./app1.css [456] ./src/app1.js 4:0-54
          harmony import specifier ./app1.css [456] ./src/app1.js 6:9-14
        ./src/appNode.css [867] 687 bytes {792} [depth 3] [dependent] [built] [code generated]
          [used exports unknown]
          Statement (VariableDeclaration) with side effects in source code at 4:0-100
          import() ./appNode.css [184] ./src/appNode.js 10:26-12:6
        ./src/appNode2.css [301] 688 bytes {792} [depth 2] [dependent] [built] [code generated]
          [used exports unknown]
          Statement (VariableDeclaration) with side effects in source code at 4:0-100
          import() ./appNode2.css [456] ./src/app1.js 30:25-32:10
    modules by path ../node_modules/css-loader/dist/runtime/*.js 2.31 KiB
      ../node_modules/css-loader/dist/runtime/api.js [278] 2.25 KiB {792} [depth 3] [dependent] [built] [code generated]
        [used exports unknown]
        CommonJS bailout: module.exports is used directly at 7:0-14
        Statement (ExpressionStatement) with side effects in source code at 7:0-85:2
        from origin ./src/style.css.webpack[javascript/auto]!=!../node_modules/css-loader/dist/cjs.js!./src/style.css
          harmony side effect evaluation ../../node_modules/css-loader/dist/runtime/api.js ./src/style.css.webpack[javascript/auto]!=!../node_modules/css-loader/dist/cjs.js!./src/style.css 3:0-92
          harmony import specifier ../../node_modules/css-loader/dist/runtime/api.js ./src/style.css.webpack[javascript/auto]!=!../node_modules/css-loader/dist/cjs.js!./src/style.css 4:30-57
        from origin ./src/app1.css
          harmony side effect evaluation ../../node_modules/css-loader/dist/runtime/api.js [450] ./src/app1.css 3:0-92
          harmony import specifier ../../node_modules/css-loader/dist/runtime/api.js [450] ./src/app1.css 4:30-57
        from origin ./src/appNode.css
          harmony side effect evaluation ../../node_modules/css-loader/dist/runtime/api.js [867] ./src/appNode.css 3:0-92
          harmony import specifier ../../node_modules/css-loader/dist/runtime/api.js [867] ./src/appNode.css 4:30-57
        from origin ./src/appNode2.css
          harmony side effect evaluation ../../node_modules/css-loader/dist/runtime/api.js [301] ./src/appNode2.css 3:0-92
          harmony import specifier ../../node_modules/css-loader/dist/runtime/api.js [301] ./src/appNode2.css 4:30-57
        cjs self exports reference [278] ../node_modules/css-loader/dist/runtime/api.js 7:0-14
        [build time executed]
      ../node_modules/css-loader/dist/runtime/noSourceMaps.js [645] 64 bytes {792} [depth 3] [dependent] [built] [code generated]
        [used exports unknown]
        CommonJS bailout: module.exports is used directly at 3:0-14
        Statement (ExpressionStatement) with side effects in source code at 3:0-5:2
        from origin ./src/style.css.webpack[javascript/auto]!=!../node_modules/css-loader/dist/cjs.js!./src/style.css
          harmony side effect evaluation ../../node_modules/css-loader/dist/runtime/noSourceMaps.js ./src/style.css.webpack[javascript/auto]!=!../node_modules/css-loader/dist/cjs.js!./src/style.css 2:0-114
          harmony import specifier ../../node_modules/css-loader/dist/runtime/noSourceMaps.js ./src/style.css.webpack[javascript/auto]!=!../node_modules/css-loader/dist/cjs.js!./src/style.css 4:58-98
        from origin ./src/app1.css
          harmony side effect evaluation ../../node_modules/css-loader/dist/runtime/noSourceMaps.js [450] ./src/app1.css 2:0-114
          harmony import specifier ../../node_modules/css-loader/dist/runtime/noSourceMaps.js [450] ./src/app1.css 4:58-98
        from origin ./src/appNode.css
          harmony side effect evaluation ../../node_modules/css-loader/dist/runtime/noSourceMaps.js [867] ./src/appNode.css 2:0-114
          harmony import specifier ../../node_modules/css-loader/dist/runtime/noSourceMaps.js [867] ./src/appNode.css 4:58-98
        from origin ./src/appNode2.css
          harmony side effect evaluation ../../node_modules/css-loader/dist/runtime/noSourceMaps.js [301] ./src/appNode2.css 2:0-114
          harmony import specifier ../../node_modules/css-loader/dist/runtime/noSourceMaps.js [301] ./src/appNode2.css 4:58-98
        cjs self exports reference [645] ../node_modules/css-loader/dist/runtime/noSourceMaps.js 3:0-14
        [build time executed]
  runtime modules 937 bytes
    webpack/runtime/compat get default export 267 bytes {792} [code generated]
      [no exports]
      [used exports unknown]
    webpack/runtime/define property getters 308 bytes {792} [code generated]
      [no exports]
      [used exports unknown]
    webpack/runtime/hasOwnProperty shorthand 88 bytes {792} [code generated]
      [no exports]
      [used exports unknown]
    webpack/runtime/make namespace object 274 bytes {792} [code generated]
      [no exports]
      [used exports unknown]
  

LOG from webpack.Compilation
<t> runtime requirements.modules: 0.187125 ms
<t> runtime requirements.chunks: 0.18075 ms
<t> runtime requirements.entries: 0.608333 ms
<t> compute affected modules: 0.10075 ms
<t> finish modules: 0.161625 ms
<t> report dependency errors and warnings: 0.265209 ms
<t> optimize dependencies: 0.197792 ms
<t> create chunks: 1.339125 ms
<t> compute affected modules with chunk graph: 0.054625 ms
<t> optimize: 2.271334 ms
    11 modules hashed, 0 from cache (0.69 variants per module in average)
<t> module hashing: 0.797875 ms
    100% code generated (11 generated, 0 from cache)
<t> code generation: 1.76 ms
<t> runtime requirements.modules: 0.038 ms
<t> runtime requirements.chunks: 0.017042 ms
<t> runtime requirements.entries: 0.135041 ms
<t> runtime requirements: 0.214833 ms
<t> hashing: initialize hash: 0.001916 ms
<t> hashing: sort chunks: 0.033291 ms
<t> hashing: hash runtime modules: 0.178708 ms
<t> hashing: hash chunks: 0.936833 ms
<t> hashing: hash digest: 0.019042 ms
<t> hashing: process full hash modules: 0.000666 ms
<t> hashing: 1.3835 ms
    100% code generated (5 generated, 0 from cache)
<t> record hash: 0.009917 ms
<t> module assets: 0.036167 ms
<t> create chunk assets: 1.851917 ms
<t> process assets: 160.910584 ms

LOG from webpack.Compiler
<t> make hook: 171.179291 ms
<t> finish make hook: 0.028834 ms
<t> finish compilation: 0.69275 ms
<t> seal compilation: 171.420666 ms
<t> afterCompile hook: 0.017875 ms
<t> emitAssets: 3.559166 ms
<t> emitRecords: 0.026666 ms
<t> done hook: 0.018041 ms
<t> beginIdle: 0.007708 ms

LOG from webpack.InnerGraphPlugin
<t> infer dependency usage: 0.204085 ms

LOG from webpack.SideEffectsFlagPlugin
<t> update dependencies: 0.125917 ms

LOG from webpack.buildChunkGraph
<t> visitModules: prepare: 0.243417 ms
<t> visitModules: visiting: 0.66575 ms
    27 queue items processed (15 blocks)
    0 chunk groups connected
    0 chunk groups processed for merging (0 module sets, 0 forked, 0 + 0 modules forked, 0 + 0 modules merged into fork, 0 resulting modules)
    0 chunk group info updated (0 already connected chunk groups reconnected)
<t> visitModules: 1.079833 ms
<t> connectChunkGroups: 0.026083 ms
<t> cleanup: 0.013166 ms

LOG from webpack.SplitChunksPlugin
<t> prepare: 0.01325 ms
<t> modules: 0.492708 ms
<t> queue: 0.001042 ms
<t> maxSize: 0.007208 ms

LOG from copy-webpack-plugin
    starting to add additional assets...
    starting to process a pattern from '*.html' using '/Users/RCherny/Code/Repos/webpack/webpack-test-cases/wp-mini-css-construct/src' context
    begin globbing '/Users/RCherny/Code/Repos/webpack/webpack-test-cases/wp-mini-css-construct/src/*.html'...
    'to' option '.' determinated as 'dir'
    determined that '/Users/RCherny/Code/Repos/webpack/webpack-test-cases/wp-mini-css-construct/src/index.html' should write to 'index.html'
    finished to process a pattern from '*.html' using '/Users/RCherny/Code/Repos/webpack/webpack-test-cases/wp-mini-css-construct/src' context
    writing 'index.html' from '/Users/RCherny/Code/Repos/webpack/webpack-test-cases/wp-mini-css-construct/src/index.html' to compilation assets...
    written 'index.html' from '/Users/RCherny/Code/Repos/webpack/webpack-test-cases/wp-mini-css-construct/src/index.html' to compilation assets
    finished to adding additional assets
+ 13 hidden lines

LOG from webpack.FileSystemInfo
    12 new snapshots created
    0% root snapshot uncached (0 / 0)
    0% children snapshot uncached (0 / 0)
    0 entries tested
    File info in cache: 9 timestamps 8 hashes 8 timestamp hash combinations
    File timestamp snapshot optimization: 0% (0/1) entries shared via 0 shared snapshots (0 times referenced)
    File timestamp hash combination snapshot optimization: 0% (0/9) entries shared via 0 shared snapshots (0 times referenced)
    Directory info in cache: 0 timestamps 0 hashes 0 timestamp hash combinations
    Managed items info in cache: 1 items
    Managed items snapshot optimization: 0% (0/3) entries shared via 0 shared snapshots (0 times referenced)
    Managed files snapshot optimization: 0% (0/7) entries shared via 0 shared snapshots (0 times referenced)

LOG from webpack.CleanPlugin
    lazy-appNode2.chunk.js will be removed
    lazy-appNode.chunk.js will be removed
    867.chunk.js will be removed
    chunk-js-app1.chunk.js will be removed

2024-05-01 11:55:42: webpack 5.91.0 compiled successfully in 360 ms (49e0996dc8725efba1b4)
