
[30m[42m HTML Bundler Plugin [49m[39m[48;5;193m[30m Entry processing [39m[49m

[48;5;27m[97m ENTRY [39m[49m[38;5;195m[7m index.html [27m[39m
[35msource:[39m [96mwp-bundler-lazyfiles/src/template.html[39m
[35moutput:[39m [96mwp-bundler-lazyfiles/dist/[39m
[32massets:[39m
[38;5;112m          style:[39m [36mwp-bundler-lazyfiles/src/style.css[39m
              -> /wp-bundler-lazyfiles/dist/style.css
[38;5;112m          style:[39m [36mwp-bundler-lazyfiles/src/appNode2.css?url[39m
              -> appNode2.css
[38;5;112m          style:[39m [36mwp-bundler-lazyfiles/src/appNode2.css?url[39m
              -> appNode2.css
[38;5;112m          style:[39m [36mwp-bundler-lazyfiles/src/appNode2.css?url[39m
              -> appNode2.css
[38;5;112m  import styles:[39m [38;5;244mwp-bundler-lazyfiles/src/main.js[39m
              -> /wp-bundler-lazyfiles/dist/main.chunk.css
                 [38;5;214mimports:[39m
                     [38;5;143mwp-bundler-lazyfiles/src/app1.css[39m
                     [38;5;143mwp-bundler-lazyfiles/src/appNode.css[39m
[38;5;112m         script:[39m [36mwp-bundler-lazyfiles/src/main.js[39m
              -> /wp-bundler-lazyfiles/dist/main.js

assets by status 3.52 KiB [1m[33m[compared for emit][39m[22m
  assets by chunk 917 bytes (name: __bundler-plugin-entry__index)
    asset [1m[32mindex.html[39m[22m 700 bytes [1m[33m[compared for emit][39m[22m (name: __bundler-plugin-entry__index)
    asset [1m[32mmain.chunk.css[39m[22m 122 bytes [1m[33m[compared for emit][39m[22m (name: __bundler-plugin-entry__index)
    asset [1m[32mstyle.css[39m[22m 95 bytes [1m[33m[compared for emit][39m[22m (name: __bundler-plugin-entry__index)
  assets by path [1m[32m*.js[39m[22m 2.52 KiB
    asset [1m[32mmain.js[39m[22m 2.45 KiB [1m[33m[compared for emit][39m[22m [1m[32m[minimized][39m[22m (name: main)
    asset [1m[32m632.chunk.js[39m[22m 69 bytes [1m[33m[compared for emit][39m[22m [1m[32m[minimized][39m[22m
  asset [1m[32mappNode2.css[39m[22m 106 bytes [1m[33m[compared for emit][39m[22m [from: src/appNode2.css?url] (auxiliary name: lazy-appNode)
assets by status 901 bytes [1m[32m[emitted][39m[22m
  asset [1m[32mchunk-js-app1.chunk.js[39m[22m 521 bytes [1m[32m[emitted][39m[22m [1m[32m[minimized][39m[22m (name: chunk-js-app1)
  asset [1m[32mlazy-appNode.chunk.js[39m[22m 380 bytes [1m[32m[emitted][39m[22m [1m[32m[minimized][39m[22m (name: lazy-appNode)
Entrypoint [1m__bundler-plugin-entry__index[39m[22m 917 bytes = [1m[32mindex.html[39m[22m 700 bytes [1m[32mstyle.css[39m[22m 95 bytes [1m[32mmain.chunk.css[39m[22m 122 bytes
Entrypoint [1mmain[39m[22m 2.45 KiB = [1m[32mmain.js[39m[22m
runtime modules 16.1 KiB 30 modules
orphan modules 3.8 KiB [1m[33m[orphan][39m[22m 6 modules
cacheable modules 2.81 KiB (javascript) 106 bytes (asset)
  modules by path [1m./src/*.js[39m[22m 1.41 KiB
    [1m./src/main.js[39m[22m 86 bytes [1m[33m[built][39m[22m [1m[33m[code generated][39m[22m
    [1m./src/app1.js[39m[22m 791 bytes [1m[33m[built][39m[22m [1m[33m[code generated][39m[22m
    [1m./src/appNode.js + 1 modules[39m[22m 562 bytes [1m[33m[built][39m[22m [1m[33m[code generated][39m[22m
  modules by path [1m./src/*.css[39m[22m 609 bytes (javascript) 106 bytes (asset)
    [1m./src/style.css[39m[22m 527 bytes [1m[33m[built][39m[22m [1m[33m[code generated][39m[22m
    [1m./src/appNode2.css?url[39m[22m 42 bytes (javascript) 106 bytes (asset) [1m[33m[built][39m[22m [1m[33m[code generated][39m[22m
    [1m./src/appNode.css[39m[22m 40 bytes [1m[33m[built][39m[22m [1m[33m[code generated][39m[22m
  [1m./src/template.html[39m[22m 828 bytes [1m[33m[built][39m[22m [1m[33m[code generated][39m[22m
[1m[48;5;118m[30m HTML Bundler Plugin [39m[1m[49m[32m ▶▶▶[39m[1m[39m[22m (webpack 5.91.0) compiled [1m[32msuccessfully[39m[22m in 693 ms
