
 HTML Bundler Plugin  Entry processing 

 ENTRY  index.html 
source: wp-bundler-on-demand/src/template.html
output: wp-bundler-on-demand/dist/
assets:
          style: wp-bundler-on-demand/src/style.css
              -> /wp-bundler-on-demand/dist/style.css
          style: wp-bundler-on-demand/src/appNode2.css?url
              -> appNode2.css
          style: wp-bundler-on-demand/src/appNode2.css?url
              -> appNode2.css
  import styles: wp-bundler-on-demand/src/main.js
              -> /wp-bundler-on-demand/dist/main.chunk.css
                 imports:
                     wp-bundler-on-demand/src/app1.css
                     wp-bundler-on-demand/src/appNode.css
         script: wp-bundler-on-demand/src/main.js
              -> /wp-bundler-on-demand/dist/main.js

assets by path *.js 3.32 KiB
  asset main.js 2.47 KiB [compared for emit] [minimized] (name: main)
  asset chunk-js-app1.chunk.js 517 bytes [compared for emit] [minimized] (name: chunk-js-app1)
  asset lazy-appNode.chunk.js 289 bytes [compared for emit] [minimized] (name: lazy-appNode)
  asset lazy-appNodeStyle.chunk.js 69 bytes [compared for emit] [minimized] (name: lazy-appNodeStyle)
assets by chunk 1.41 KiB (name: __bundler-plugin-entry__index)
  asset index.html 1.13 KiB [compared for emit] (name: __bundler-plugin-entry__index)
  asset style.css 155 bytes [compared for emit] (name: __bundler-plugin-entry__index)
  asset main.chunk.css 122 bytes [compared for emit] (name: __bundler-plugin-entry__index)
asset appNode2.css 99 bytes [emitted] [from: src/appNode2.css?url] (auxiliary name: lazy-appNode)
Entrypoint __bundler-plugin-entry__index 1.41 KiB = index.html 1.13 KiB style.css 155 bytes main.chunk.css 122 bytes
Entrypoint main 2.47 KiB = main.js
runtime modules 16.2 KiB 30 modules
orphan modules 3.79 KiB [orphan] 6 modules
cacheable modules 3.5 KiB (javascript) 99 bytes (asset)
  modules by path ./src/*.js 1.6 KiB
    ./src/main.js 86 bytes [built] [code generated]
    ./src/app1.js 856 bytes [built] [code generated]
    ./src/appNode.js + 1 modules 696 bytes [built] [code generated]
  modules by path ./src/*.css 669 bytes (javascript) 99 bytes (asset)
    ./src/style.css 587 bytes [built] [code generated]
    ./src/appNode2.css?url 42 bytes (javascript) 99 bytes (asset) [built] [code generated]
    ./src/appNode.css 40 bytes [built] [code generated]
  ./src/template.html 1.24 KiB [built] [code generated]
 HTML Bundler Plugin  ▶▶▶ (webpack 5.91.0) compiled successfully in 311 ms
